{
  "uid" : "a0ce4f9bc21eae5f",
  "name" : "test_login",
  "fullName" : "tests.test_login_page.TestLoginPage#test_login",
  "historyId" : "3c779999a209d1dc27adabe4d61acaff",
  "time" : {
    "start" : 1762003814447,
    "stop" : 1762003834711,
    "duration" : 20264
  },
  "status" : "broken",
  "statusMessage" : "selenium.common.exceptions.TimeoutException: Message: Кнопка войти не найдена на странице",
  "statusTrace" : "self = <test_login_page.TestLoginPage object at 0x7f60aacf4e10>\n\n    @pytest.mark.login\n    def test_login(self):\n        self.login_page.open()\n>       self.login_page.login_as(\"admin\")\n\ntests/test_login_page.py:12: \n_ _ _ _ _ _ _ _ _ _ _ _ _ _ _ _ _ _ _ _ _ _ _ _ _ _ _ _ _ _ _ _ _ _ _ _ _ _ _ _ \npages/login_page/page.py:41: in login_as\n    self.ui.click(self._SUBMIT_BUTTON, \"Кнопка войти не найдена на странице\")\nhelpers/ui_helper.py:70: in click\n    self.wait.until(EC.element_to_be_clickable(locator), message=message).click()\n    ^^^^^^^^^^^^^^^^^^^^^^^^^^^^^^^^^^^^^^^^^^^^^^^^^^^^^^^^^^^^^^^^^^^^^\n_ _ _ _ _ _ _ _ _ _ _ _ _ _ _ _ _ _ _ _ _ _ _ _ _ _ _ _ _ _ _ _ _ _ _ _ _ _ _ _ \n\nself = <selenium.webdriver.support.wait.WebDriverWait (session=\"38a4a75c55f9efec19f3b3b3b7ffb530\")>\nmethod = <function element_to_be_clickable.<locals>._predicate at 0x7f60aad23ba0>\nmessage = 'Кнопка войти не найдена на странице'\n\n    def until(self, method: Callable[[D], Union[Literal[False], T]], message: str = \"\") -> T:\n        \"\"\"Wait until the method returns a value that is not False.\n    \n        Calls the method provided with the driver as an argument until the\n        return value does not evaluate to ``False``.\n    \n        Parameters:\n        -----------\n        method: callable(WebDriver)\n            - A callable object that takes a WebDriver instance as an argument.\n    \n        message: str\n            - Optional message for :exc:`TimeoutException`\n    \n        Return:\n        -------\n        object: T\n            - The result of the last call to `method`\n    \n        Raises:\n        -------\n        TimeoutException\n            - If 'method' does not return a truthy value within the WebDriverWait\n            object's timeout\n    \n        Example:\n        --------\n        >>> from selenium.webdriver.common.by import By\n        >>> from selenium.webdriver.support.ui import WebDriverWait\n        >>> from selenium.webdriver.support import expected_conditions as EC\n    \n        # Wait until an element is visible on the page\n        >>> wait = WebDriverWait(driver, 10)\n        >>> element = wait.until(EC.visibility_of_element_located((By.ID, \"exampleId\")))\n        >>> print(element.text)\n        \"\"\"\n        screen = None\n        stacktrace = None\n    \n        end_time = time.monotonic() + self._timeout\n        while True:\n            try:\n                value = method(self._driver)\n                if value:\n                    return value\n            except self._ignored_exceptions as exc:\n                screen = getattr(exc, \"screen\", None)\n                stacktrace = getattr(exc, \"stacktrace\", None)\n            if time.monotonic() > end_time:\n                break\n            time.sleep(self._poll)\n>       raise TimeoutException(message, screen, stacktrace)\nE       selenium.common.exceptions.TimeoutException: Message: Кнопка войти не найдена на странице\n\n../local/lib/python3.13/site-packages/selenium/webdriver/support/wait.py:138: TimeoutException",
  "flaky" : false,
  "newFailed" : false,
  "beforeStages" : [ {
    "name" : "_xunit_setup_method_fixture_TestLoginPage",
    "time" : {
      "start" : 1762003814415,
      "stop" : 1762003814447,
      "duration" : 32
    },
    "status" : "passed",
    "steps" : [ ],
    "attachments" : [ ],
    "parameters" : [ ],
    "attachmentsCount" : 0,
    "shouldDisplayMessage" : false,
    "stepsCount" : 0,
    "hasContent" : false
  }, {
    "name" : "get_driver",
    "time" : {
      "start" : 1762003813989,
      "stop" : 1762003814415,
      "duration" : 426
    },
    "status" : "passed",
    "steps" : [ ],
    "attachments" : [ ],
    "parameters" : [ ],
    "attachmentsCount" : 0,
    "shouldDisplayMessage" : false,
    "stepsCount" : 0,
    "hasContent" : false
  }, {
    "name" : "_session_faker",
    "time" : {
      "start" : 1762003772154,
      "stop" : 1762003772235,
      "duration" : 81
    },
    "status" : "passed",
    "steps" : [ ],
    "attachments" : [ ],
    "parameters" : [ ],
    "attachmentsCount" : 0,
    "shouldDisplayMessage" : false,
    "stepsCount" : 0,
    "hasContent" : false
  } ],
  "testStage" : {
    "status" : "broken",
    "statusMessage" : "selenium.common.exceptions.TimeoutException: Message: Кнопка войти не найдена на странице",
    "statusTrace" : "self = <test_login_page.TestLoginPage object at 0x7f60aacf4e10>\n\n    @pytest.mark.login\n    def test_login(self):\n        self.login_page.open()\n>       self.login_page.login_as(\"admin\")\n\ntests/test_login_page.py:12: \n_ _ _ _ _ _ _ _ _ _ _ _ _ _ _ _ _ _ _ _ _ _ _ _ _ _ _ _ _ _ _ _ _ _ _ _ _ _ _ _ \npages/login_page/page.py:41: in login_as\n    self.ui.click(self._SUBMIT_BUTTON, \"Кнопка войти не найдена на странице\")\nhelpers/ui_helper.py:70: in click\n    self.wait.until(EC.element_to_be_clickable(locator), message=message).click()\n    ^^^^^^^^^^^^^^^^^^^^^^^^^^^^^^^^^^^^^^^^^^^^^^^^^^^^^^^^^^^^^^^^^^^^^\n_ _ _ _ _ _ _ _ _ _ _ _ _ _ _ _ _ _ _ _ _ _ _ _ _ _ _ _ _ _ _ _ _ _ _ _ _ _ _ _ \n\nself = <selenium.webdriver.support.wait.WebDriverWait (session=\"38a4a75c55f9efec19f3b3b3b7ffb530\")>\nmethod = <function element_to_be_clickable.<locals>._predicate at 0x7f60aad23ba0>\nmessage = 'Кнопка войти не найдена на странице'\n\n    def until(self, method: Callable[[D], Union[Literal[False], T]], message: str = \"\") -> T:\n        \"\"\"Wait until the method returns a value that is not False.\n    \n        Calls the method provided with the driver as an argument until the\n        return value does not evaluate to ``False``.\n    \n        Parameters:\n        -----------\n        method: callable(WebDriver)\n            - A callable object that takes a WebDriver instance as an argument.\n    \n        message: str\n            - Optional message for :exc:`TimeoutException`\n    \n        Return:\n        -------\n        object: T\n            - The result of the last call to `method`\n    \n        Raises:\n        -------\n        TimeoutException\n            - If 'method' does not return a truthy value within the WebDriverWait\n            object's timeout\n    \n        Example:\n        --------\n        >>> from selenium.webdriver.common.by import By\n        >>> from selenium.webdriver.support.ui import WebDriverWait\n        >>> from selenium.webdriver.support import expected_conditions as EC\n    \n        # Wait until an element is visible on the page\n        >>> wait = WebDriverWait(driver, 10)\n        >>> element = wait.until(EC.visibility_of_element_located((By.ID, \"exampleId\")))\n        >>> print(element.text)\n        \"\"\"\n        screen = None\n        stacktrace = None\n    \n        end_time = time.monotonic() + self._timeout\n        while True:\n            try:\n                value = method(self._driver)\n                if value:\n                    return value\n            except self._ignored_exceptions as exc:\n                screen = getattr(exc, \"screen\", None)\n                stacktrace = getattr(exc, \"stacktrace\", None)\n            if time.monotonic() > end_time:\n                break\n            time.sleep(self._poll)\n>       raise TimeoutException(message, screen, stacktrace)\nE       selenium.common.exceptions.TimeoutException: Message: Кнопка войти не найдена на странице\n\n../local/lib/python3.13/site-packages/selenium/webdriver/support/wait.py:138: TimeoutException",
    "steps" : [ {
      "name" : "Открытие страницы",
      "time" : {
        "start" : 1762003814447,
        "stop" : 1762003818207,
        "duration" : 3760
      },
      "status" : "passed",
      "steps" : [ {
        "name" : "Open https://lk.staging.po.ladcloud.ru page",
        "time" : {
          "start" : 1762003814447,
          "stop" : 1762003818207,
          "duration" : 3760
        },
        "status" : "passed",
        "steps" : [ ],
        "attachments" : [ ],
        "parameters" : [ ],
        "attachmentsCount" : 0,
        "shouldDisplayMessage" : false,
        "stepsCount" : 0,
        "hasContent" : false
      } ],
      "attachments" : [ ],
      "parameters" : [ ],
      "attachmentsCount" : 0,
      "shouldDisplayMessage" : false,
      "stepsCount" : 1,
      "hasContent" : true
    }, {
      "name" : "Login as role: 'admin'",
      "time" : {
        "start" : 1762003818208,
        "stop" : 1762003834710,
        "duration" : 16502
      },
      "status" : "broken",
      "statusMessage" : "selenium.common.exceptions.TimeoutException: Message: Кнопка войти не найдена на странице\n\n",
      "statusTrace" : "  File \"/usr/local/lib/python3.13/site-packages/allure_commons/_allure.py\", line 202, in impl\n    return func(*a, **kw)\n  File \"/usr/workspace/pages/login_page/page.py\", line 41, in login_as\n    self.ui.click(self._SUBMIT_BUTTON, \"Кнопка войти не найдена на странице\")\n    ~~~~~~~~~~~~~^^^^^^^^^^^^^^^^^^^^^^^^^^^^^^^^^^^^^^^^^^^^^^^^^^^^^^^^^^^^\n  File \"/usr/workspace/helpers/ui_helper.py\", line 70, in click\n    self.wait.until(EC.element_to_be_clickable(locator), message=message).click()\n    ~~~~~~~~~~~~~~~^^^^^^^^^^^^^^^^^^^^^^^^^^^^^^^^^^^^^^^^^^^^^^^^^^^^^^\n  File \"/usr/local/lib/python3.13/site-packages/selenium/webdriver/support/wait.py\", line 138, in until\n    raise TimeoutException(message, screen, stacktrace)\n",
      "steps" : [ ],
      "attachments" : [ ],
      "parameters" : [ {
        "name" : "role",
        "value" : "'admin'"
      } ],
      "attachmentsCount" : 0,
      "shouldDisplayMessage" : true,
      "stepsCount" : 0,
      "hasContent" : true
    } ],
    "attachments" : [ {
      "uid" : "d279f8569f21673c",
      "name" : "Ошибка",
      "source" : "d279f8569f21673c.png",
      "type" : "image/png",
      "size" : 84890
    } ],
    "parameters" : [ ],
    "attachmentsCount" : 1,
    "shouldDisplayMessage" : true,
    "stepsCount" : 3,
    "hasContent" : true
  },
  "afterStages" : [ {
    "name" : "_xunit_setup_method_fixture_TestLoginPage::0",
    "time" : {
      "start" : 1762003834849,
      "stop" : 1762003834849,
      "duration" : 0
    },
    "status" : "passed",
    "steps" : [ ],
    "attachments" : [ ],
    "parameters" : [ ],
    "attachmentsCount" : 0,
    "shouldDisplayMessage" : false,
    "stepsCount" : 0,
    "hasContent" : false
  }, {
    "name" : "get_driver::0",
    "time" : {
      "start" : 1762003834850,
      "stop" : 1762003834913,
      "duration" : 63
    },
    "status" : "passed",
    "steps" : [ ],
    "attachments" : [ ],
    "parameters" : [ ],
    "attachmentsCount" : 0,
    "shouldDisplayMessage" : false,
    "stepsCount" : 0,
    "hasContent" : false
  } ],
  "labels" : [ {
    "name" : "role",
    "value" : "admin"
  }, {
    "name" : "tag",
    "value" : "login"
  }, {
    "name" : "parentSuite",
    "value" : "tests"
  }, {
    "name" : "suite",
    "value" : "test_login_page"
  }, {
    "name" : "subSuite",
    "value" : "TestLoginPage"
  }, {
    "name" : "host",
    "value" : "c547a3234711"
  }, {
    "name" : "thread",
    "value" : "8-MainThread"
  }, {
    "name" : "framework",
    "value" : "pytest"
  }, {
    "name" : "language",
    "value" : "cpython3"
  }, {
    "name" : "package",
    "value" : "tests.test_login_page"
  }, {
    "name" : "resultFormat",
    "value" : "allure2"
  } ],
  "parameters" : [ ],
  "links" : [ ],
  "hidden" : false,
  "retry" : false,
  "extra" : {
    "severity" : "normal",
    "retries" : [ {
      "uid" : "77c6ff8aae8c1412",
      "status" : "broken",
      "statusDetails" : "selenium.common.exceptions.TimeoutException: Message: Кнопка войти не найдена на странице",
      "time" : {
        "start" : 1762003794461,
        "stop" : 1762003813784,
        "duration" : 19323
      }
    }, {
      "uid" : "746eb6f714a4ca60",
      "status" : "broken",
      "statusDetails" : "selenium.common.exceptions.TimeoutException: Message: Кнопка войти не найдена на странице",
      "time" : {
        "start" : 1762003772890,
        "stop" : 1762003793799,
        "duration" : 20909
      }
    } ],
    "categories" : [ {
      "name" : "Test defects",
      "matchedStatuses" : [ ],
      "flaky" : false
    } ],
    "history" : {
      "statistic" : {
        "failed" : 0,
        "broken" : 6,
        "skipped" : 0,
        "passed" : 2,
        "unknown" : 0,
        "total" : 8
      },
      "items" : [ {
        "uid" : "dce60e1e11244760",
        "status" : "broken",
        "statusDetails" : "selenium.common.exceptions.SessionNotCreatedException: Message: session not created: Chrome failed to start: exited normally.\n  (session not created: DevToolsActivePort file doesn't exist)\n  (The process started from chrome location /usr/bin/chromium-browser is no longer running, so ChromeDriver is assuming that Chrome has crashed.); For documentation on this error, please visit: https://www.selenium.dev/documentation/webdriver/troubleshooting/errors#sessionnotcreatedexception",
        "time" : {
          "start" : 1762003524704,
          "stop" : 1762003524704,
          "duration" : 0
        }
      }, {
        "uid" : "3a1f419f2e7dc76f",
        "status" : "broken",
        "statusDetails" : "selenium.common.exceptions.TimeoutException: Message: Кнопка войти не найдена на странице",
        "time" : {
          "start" : 1762003126010,
          "stop" : 1762003145335,
          "duration" : 19325
        }
      }, {
        "uid" : "56f7a3a4a0fe27ed",
        "status" : "passed",
        "time" : {
          "start" : 1762002065139,
          "stop" : 1762002074980,
          "duration" : 9841
        }
      }, {
        "uid" : "bbbf239601f04aee",
        "status" : "passed",
        "time" : {
          "start" : 1762001314847,
          "stop" : 1762001325035,
          "duration" : 10188
        }
      }, {
        "uid" : "d6b5720487bc9e97",
        "status" : "broken",
        "statusDetails" : "AttributeError: type object 'Credentials' has no attribute 'LOGIN'",
        "time" : {
          "start" : 1761848308927,
          "stop" : 1761848311996,
          "duration" : 3069
        }
      }, {
        "uid" : "2cb64dd1f16d4b12",
        "status" : "broken",
        "statusDetails" : "AttributeError: type object 'Credentials' has no attribute 'LOGIN'",
        "time" : {
          "start" : 1761847619536,
          "stop" : 1761847622971,
          "duration" : 3435
        }
      }, {
        "uid" : "47de57f570e1977d",
        "status" : "broken",
        "statusDetails" : "TypeError: 'NoneType' object is not iterable",
        "time" : {
          "start" : 1761846056663,
          "stop" : 1761846062120,
          "duration" : 5457
        }
      } ]
    },
    "tags" : [ "login" ]
  },
  "source" : "a0ce4f9bc21eae5f.json",
  "parameterValues" : [ ]
}